<?xml version="1.0" encoding="UTF-8"?>
<testng-results ignored="0" total="1" passed="1" failed="0" skipped="0">
  <reporter-output>
  </reporter-output>
  <suite started-at="2022-12-25T23:28:18 CST" name="Default suite" finished-at="2022-12-25T23:28:20 CST" duration-ms="2424">
    <groups>
    </groups>
    <test started-at="2022-12-25T23:28:18 CST" name="Default test" finished-at="2022-12-25T23:28:20 CST" duration-ms="2424">
      <class name="HandlingWindowAuth">
        <test-method signature="windowAuth()[pri:0, instance:HandlingWindowAuth@7f3b84b8]" started-at="2022-12-25T23:28:18 CST" name="windowAuth" finished-at="2022-12-25T23:28:20 CST" duration-ms="2393" status="PASS">
          <reporter-output>
          </reporter-output>
        </test-method> <!-- windowAuth -->
      </class> <!-- HandlingWindowAuth -->
    </test> <!-- Default test -->
  </suite> <!-- Default suite -->
</testng-results>
